mode: set
lami/app/features/users/data/model.go:33.39,53.2 1 1
lami/app/features/users/data/model.go:55.37,70.2 1 1
lami/app/features/users/data/model.go:72.40,74.2 1 0
lami/app/features/users/data/model.go:76.35,78.2 1 1
lami/app/features/users/data/model.go:80.43,82.24 2 1
lami/app/features/users/data/model.go:85.2,85.15 1 1
lami/app/features/users/data/model.go:82.24,84.3 1 0
lami/app/features/users/data/mysql.go:17.50,21.2 1 1
lami/app/features/users/data/mysql.go:23.90,26.25 3 1
lami/app/features/users/data/mysql.go:29.2,29.30 1 1
lami/app/features/users/data/mysql.go:32.2,32.30 1 1
lami/app/features/users/data/mysql.go:26.25,28.3 1 0
lami/app/features/users/data/mysql.go:29.30,31.3 1 1
lami/app/features/users/data/mysql.go:35.78,41.25 4 1
lami/app/features/users/data/mysql.go:51.2,51.12 1 1
lami/app/features/users/data/mysql.go:41.25,45.42 3 1
lami/app/features/users/data/mysql.go:49.3,49.42 1 1
lami/app/features/users/data/mysql.go:45.42,47.4 1 1
lami/app/features/users/data/mysql.go:54.65,57.25 3 1
lami/app/features/users/data/mysql.go:60.2,60.30 1 1
lami/app/features/users/data/mysql.go:63.2,63.12 1 1
lami/app/features/users/data/mysql.go:57.25,59.3 1 0
lami/app/features/users/data/mysql.go:60.30,62.3 1 1
lami/app/features/users/data/mysql.go:66.97,70.25 4 1
lami/app/features/users/data/mysql.go:73.2,73.30 1 1
lami/app/features/users/data/mysql.go:76.2,76.12 1 1
lami/app/features/users/data/mysql.go:70.25,72.3 1 0
lami/app/features/users/data/mysql.go:73.30,75.3 1 1
lami/app/features/users/data/mysql.go:79.84,85.25 6 1
lami/app/features/users/data/mysql.go:88.2,88.30 1 1
lami/app/features/users/data/mysql.go:91.2,92.12 2 1
lami/app/features/users/data/mysql.go:85.25,87.3 1 0
lami/app/features/users/data/mysql.go:88.30,90.3 1 0
lami/app/features/users/data/mysql.go:95.93,99.25 4 1
lami/app/features/users/data/mysql.go:102.2,102.30 1 1
lami/app/features/users/data/mysql.go:105.2,105.12 1 1
lami/app/features/users/data/mysql.go:99.25,101.3 1 0
lami/app/features/users/data/mysql.go:102.30,104.3 1 1
lami/app/features/users/data/mysql.go:108.127,112.25 4 1
lami/app/features/users/data/mysql.go:115.2,115.50 1 1
lami/app/features/users/data/mysql.go:112.25,114.3 1 0
