mode: set
lami/app/features/cultures/data/model.go:24.43,31.2 1 1
lami/app/features/cultures/data/model.go:33.54,38.2 1 1
lami/app/features/cultures/data/model.go:40.45,48.2 1 1
lami/app/features/cultures/data/model.go:50.41,52.2 1 1
lami/app/features/cultures/data/model.go:54.49,56.24 2 1
lami/app/features/cultures/data/model.go:59.2,59.12 1 1
lami/app/features/cultures/data/model.go:56.24,58.3 1 0
lami/app/features/cultures/data/model.go:62.56,68.2 1 1
lami/app/features/cultures/data/model.go:70.60,72.24 2 1
lami/app/features/cultures/data/model.go:75.2,75.12 1 1
lami/app/features/cultures/data/model.go:72.24,74.3 1 1
lami/app/features/cultures/data/mysql.go:15.56,19.2 1 1
lami/app/features/cultures/data/mysql.go:22.81,27.22 3 1
lami/app/features/cultures/data/mysql.go:30.2,30.27 1 1
lami/app/features/cultures/data/mysql.go:34.2,34.12 1 1
lami/app/features/cultures/data/mysql.go:27.22,29.3 1 1
lami/app/features/cultures/data/mysql.go:30.27,32.3 1 0
lami/app/features/cultures/data/mysql.go:39.125,43.22 4 1
lami/app/features/cultures/data/mysql.go:47.2,47.44 1 1
lami/app/features/cultures/data/mysql.go:43.22,45.3 1 1
lami/app/features/cultures/data/mysql.go:51.104,55.22 3 1
lami/app/features/cultures/data/mysql.go:59.2,59.39 1 1
lami/app/features/cultures/data/mysql.go:55.22,57.3 1 1
lami/app/features/cultures/data/mysql.go:63.76,67.27 3 1
lami/app/features/cultures/data/mysql.go:71.2,71.22 1 1
lami/app/features/cultures/data/mysql.go:75.2,75.12 1 1
lami/app/features/cultures/data/mysql.go:67.27,69.3 1 1
lami/app/features/cultures/data/mysql.go:71.22,73.3 1 0
lami/app/features/cultures/data/mysql.go:79.108,84.27 4 1
lami/app/features/cultures/data/mysql.go:88.2,88.16 1 1
lami/app/features/cultures/data/mysql.go:92.2,92.12 1 0
lami/app/features/cultures/data/mysql.go:84.27,86.3 1 1
lami/app/features/cultures/data/mysql.go:88.16,90.3 1 1
lami/app/features/cultures/data/mysql.go:96.93,101.22 3 1
lami/app/features/cultures/data/mysql.go:104.2,104.27 1 1
lami/app/features/cultures/data/mysql.go:108.2,108.12 1 1
lami/app/features/cultures/data/mysql.go:101.22,103.3 1 1
lami/app/features/cultures/data/mysql.go:104.27,106.3 1 0
lami/app/features/cultures/data/mysql.go:112.100,116.22 3 1
lami/app/features/cultures/data/mysql.go:120.2,120.42 1 1
lami/app/features/cultures/data/mysql.go:116.22,118.3 1 1
lami/app/features/cultures/data/mysql.go:123.88,126.25 3 1
lami/app/features/cultures/data/mysql.go:129.2,129.30 1 1
lami/app/features/cultures/data/mysql.go:132.2,132.22 1 1
lami/app/features/cultures/data/mysql.go:126.25,128.3 1 1
lami/app/features/cultures/data/mysql.go:129.30,131.3 1 1
