mode: set
project3/eventapp/features/comments/business/usecase.go:11.66,15.2 1 0
project3/eventapp/features/comments/business/usecase.go:17.79,20.2 2 0
project3/eventapp/features/comments/business/usecase.go:22.126,27.2 4 0
project3/eventapp/features/auth/business/usecase.go:14.55,18.2 1 1
project3/eventapp/features/auth/business/usecase.go:20.67,22.20 2 1
project3/eventapp/features/auth/business/usecase.go:25.2,26.23 2 1
project3/eventapp/features/auth/business/usecase.go:29.2,31.32 2 1
project3/eventapp/features/auth/business/usecase.go:22.20,24.3 1 1
project3/eventapp/features/auth/business/usecase.go:26.23,28.3 1 0
project3/eventapp/features/events/bussiness/usecase.go:12.60,16.2 1 1
project3/eventapp/features/events/bussiness/usecase.go:18.133,23.2 4 1
project3/eventapp/features/events/bussiness/usecase.go:25.80,27.16 2 1
project3/eventapp/features/events/bussiness/usecase.go:30.2,32.27 3 1
project3/eventapp/features/events/bussiness/usecase.go:35.2,35.22 1 1
project3/eventapp/features/events/bussiness/usecase.go:27.16,29.3 1 1
project3/eventapp/features/events/bussiness/usecase.go:32.27,34.3 1 0
project3/eventapp/features/events/bussiness/usecase.go:38.69,39.211 1 1
project3/eventapp/features/events/bussiness/usecase.go:43.2,44.12 2 1
project3/eventapp/features/events/bussiness/usecase.go:39.211,41.3 1 1
project3/eventapp/features/events/bussiness/usecase.go:47.73,50.2 2 1
project3/eventapp/features/events/bussiness/usecase.go:52.95,54.25 2 1
project3/eventapp/features/events/bussiness/usecase.go:57.2,57.32 1 1
project3/eventapp/features/events/bussiness/usecase.go:60.2,60.25 1 1
project3/eventapp/features/events/bussiness/usecase.go:63.2,63.29 1 1
project3/eventapp/features/events/bussiness/usecase.go:66.2,66.29 1 1
project3/eventapp/features/events/bussiness/usecase.go:69.2,69.31 1 1
project3/eventapp/features/events/bussiness/usecase.go:72.2,72.29 1 1
project3/eventapp/features/events/bussiness/usecase.go:75.2,75.24 1 1
project3/eventapp/features/events/bussiness/usecase.go:79.2,80.12 2 1
project3/eventapp/features/events/bussiness/usecase.go:54.25,56.3 1 1
project3/eventapp/features/events/bussiness/usecase.go:57.32,59.3 1 1
project3/eventapp/features/events/bussiness/usecase.go:60.25,62.3 1 1
project3/eventapp/features/events/bussiness/usecase.go:63.29,65.3 1 0
project3/eventapp/features/events/bussiness/usecase.go:66.29,68.3 1 1
project3/eventapp/features/events/bussiness/usecase.go:69.31,71.3 1 1
project3/eventapp/features/events/bussiness/usecase.go:72.29,74.3 1 1
project3/eventapp/features/events/bussiness/usecase.go:75.24,77.3 1 0
project3/eventapp/features/events/bussiness/usecase.go:83.117,88.2 4 1
project3/eventapp/features/users/business/usecase.go:14.57,18.2 1 1
project3/eventapp/features/users/business/usecase.go:25.77,28.2 2 1
project3/eventapp/features/users/business/usecase.go:30.80,32.85 1 1
project3/eventapp/features/users/business/usecase.go:36.2,38.21 3 1
project3/eventapp/features/users/business/usecase.go:41.2,43.16 3 1
project3/eventapp/features/users/business/usecase.go:46.2,46.20 1 1
project3/eventapp/features/users/business/usecase.go:32.85,34.3 1 1
project3/eventapp/features/users/business/usecase.go:38.21,40.3 1 0
project3/eventapp/features/users/business/usecase.go:43.16,45.3 1 1
project3/eventapp/features/users/business/usecase.go:49.64,51.16 2 1
project3/eventapp/features/users/business/usecase.go:54.2,54.20 1 1
project3/eventapp/features/users/business/usecase.go:51.16,53.3 1 1
project3/eventapp/features/users/business/usecase.go:57.84,60.24 2 0
project3/eventapp/features/users/business/usecase.go:64.2,64.25 1 0
project3/eventapp/features/users/business/usecase.go:68.2,68.28 1 0
project3/eventapp/features/users/business/usecase.go:76.2,76.23 1 0
project3/eventapp/features/users/business/usecase.go:80.2,81.16 2 0
project3/eventapp/features/users/business/usecase.go:84.2,84.20 1 0
project3/eventapp/features/users/business/usecase.go:60.24,62.3 1 0
project3/eventapp/features/users/business/usecase.go:64.25,66.3 1 0
project3/eventapp/features/users/business/usecase.go:68.28,70.17 2 0
project3/eventapp/features/users/business/usecase.go:73.3,73.32 1 0
project3/eventapp/features/users/business/usecase.go:70.17,72.4 1 0
project3/eventapp/features/users/business/usecase.go:76.23,78.3 1 0
project3/eventapp/features/users/business/usecase.go:81.16,83.3 1 0
