mode: set
lami/app/features/events/business/usecase.go:12.60,16.2 1 1
lami/app/features/events/business/usecase.go:18.133,23.2 4 1
lami/app/features/events/business/usecase.go:25.80,27.16 2 1
lami/app/features/events/business/usecase.go:30.2,32.27 3 1
lami/app/features/events/business/usecase.go:35.2,35.22 1 1
lami/app/features/events/business/usecase.go:27.16,29.3 1 1
lami/app/features/events/business/usecase.go:32.27,34.3 1 0
lami/app/features/events/business/usecase.go:38.69,39.206 1 1
lami/app/features/events/business/usecase.go:43.2,44.12 2 0
lami/app/features/events/business/usecase.go:39.206,41.3 1 1
lami/app/features/events/business/usecase.go:47.73,50.2 2 1
lami/app/features/events/business/usecase.go:52.76,54.21 2 1
lami/app/features/events/business/usecase.go:57.2,59.12 3 1
lami/app/features/events/business/usecase.go:54.21,56.3 1 0
lami/app/features/events/business/usecase.go:62.116,67.2 4 1
lami/app/features/events/business/usecase.go:69.112,74.2 4 0
lami/app/features/comments/business/usecase.go:11.66,15.2 1 1
lami/app/features/comments/business/usecase.go:17.79,20.2 2 1
lami/app/features/comments/business/usecase.go:22.126,25.16 3 1
lami/app/features/comments/business/usecase.go:28.2,29.29 2 1
lami/app/features/comments/business/usecase.go:25.16,27.3 1 1
lami/app/features/auth/business/usecase.go:15.55,19.2 1 0
lami/app/features/auth/business/usecase.go:21.75,23.20 2 0
lami/app/features/auth/business/usecase.go:26.2,27.23 2 0
lami/app/features/auth/business/usecase.go:30.2,32.47 2 0
lami/app/features/auth/business/usecase.go:23.20,25.3 1 0
lami/app/features/auth/business/usecase.go:27.23,29.3 1 0
lami/app/features/users/business/usecase.go:16.57,20.2 1 0
lami/app/features/users/business/usecase.go:22.77,25.2 2 0
lami/app/features/users/business/usecase.go:27.71,29.85 1 0
lami/app/features/users/business/usecase.go:33.2,34.27 2 0
lami/app/features/users/business/usecase.go:38.2,39.26 2 0
lami/app/features/users/business/usecase.go:43.2,45.21 3 0
lami/app/features/users/business/usecase.go:48.2,54.16 5 0
lami/app/features/users/business/usecase.go:57.2,57.12 1 0
lami/app/features/users/business/usecase.go:29.85,31.3 1 0
lami/app/features/users/business/usecase.go:34.27,36.3 1 0
lami/app/features/users/business/usecase.go:39.26,41.3 1 0
lami/app/features/users/business/usecase.go:45.21,47.3 1 0
lami/app/features/users/business/usecase.go:54.16,56.3 1 0
lami/app/features/users/business/usecase.go:60.55,62.16 2 0
lami/app/features/users/business/usecase.go:65.2,65.12 1 0
lami/app/features/users/business/usecase.go:62.16,64.3 1 0
lami/app/features/users/business/usecase.go:68.132,71.24 2 0
lami/app/features/users/business/usecase.go:74.2,74.25 1 0
lami/app/features/users/business/usecase.go:81.2,81.28 1 0
lami/app/features/users/business/usecase.go:89.2,89.21 1 0
lami/app/features/users/business/usecase.go:98.2,99.16 2 0
lami/app/features/users/business/usecase.go:102.2,102.12 1 0
lami/app/features/users/business/usecase.go:71.24,73.3 1 0
lami/app/features/users/business/usecase.go:74.25,76.28 2 0
lami/app/features/users/business/usecase.go:79.3,79.38 1 0
lami/app/features/users/business/usecase.go:76.28,78.4 1 0
lami/app/features/users/business/usecase.go:81.28,83.21 2 0
lami/app/features/users/business/usecase.go:86.3,86.32 1 0
lami/app/features/users/business/usecase.go:83.21,85.4 1 0
lami/app/features/users/business/usecase.go:89.21,91.21 2 0
lami/app/features/users/business/usecase.go:95.3,95.32 1 0
lami/app/features/users/business/usecase.go:91.21,93.4 1 0
lami/app/features/users/business/usecase.go:99.16,101.3 1 0
lami/app/features/users/business/usecase.go:105.130,106.141 1 0
lami/app/features/users/business/usecase.go:110.2,111.20 2 0
lami/app/features/users/business/usecase.go:114.2,118.16 4 0
lami/app/features/users/business/usecase.go:121.2,121.12 1 0
lami/app/features/users/business/usecase.go:106.141,108.3 1 0
lami/app/features/users/business/usecase.go:111.20,113.3 1 0
lami/app/features/users/business/usecase.go:118.16,120.3 1 0
lami/app/features/users/business/usecase.go:124.70,126.16 2 0
lami/app/features/users/business/usecase.go:129.2,129.12 1 0
lami/app/features/users/business/usecase.go:126.16,128.3 1 0
lami/app/features/users/business/usecase.go:132.100,137.2 4 0
lami/app/features/users/business/validation.go:12.48,16.14 3 0
lami/app/features/users/business/validation.go:19.2,19.12 1 0
lami/app/features/users/business/validation.go:16.14,18.3 1 0
lami/app/features/users/business/validation.go:22.46,26.14 3 0
lami/app/features/users/business/validation.go:29.2,29.12 1 0
lami/app/features/users/business/validation.go:26.14,28.3 1 0
lami/app/features/users/business/validation.go:32.159,35.32 2 0
lami/app/features/users/business/validation.go:40.2,41.27 2 0
lami/app/features/users/business/validation.go:46.2,51.25 3 0
lami/app/features/users/business/validation.go:54.2,54.22 1 0
lami/app/features/users/business/validation.go:35.32,37.3 1 0
lami/app/features/users/business/validation.go:41.27,43.3 1 0
lami/app/features/users/business/validation.go:51.25,53.3 1 0
