mode: set
lami/app/features/cultures/business/usecase.go:16.66,20.2 1 1
lami/app/features/cultures/business/usecase.go:23.124,24.71 1 1
lami/app/features/cultures/business/usecase.go:28.2,28.21 1 1
lami/app/features/cultures/business/usecase.go:37.2,38.16 2 1
lami/app/features/cultures/business/usecase.go:42.2,42.12 1 1
lami/app/features/cultures/business/usecase.go:24.71,26.3 1 1
lami/app/features/cultures/business/usecase.go:28.21,30.21 2 1
lami/app/features/cultures/business/usecase.go:34.3,34.27 1 1
lami/app/features/cultures/business/usecase.go:30.21,32.4 1 1
lami/app/features/cultures/business/usecase.go:38.16,40.3 1 1
lami/app/features/cultures/business/usecase.go:46.109,51.2 4 1
lami/app/features/cultures/business/usecase.go:54.90,57.2 2 1
lami/app/features/cultures/business/usecase.go:60.62,63.2 2 1
lami/app/features/cultures/business/usecase.go:66.142,69.47 2 1
lami/app/features/cultures/business/usecase.go:76.2,76.47 1 1
lami/app/features/cultures/business/usecase.go:83.2,83.53 1 1
lami/app/features/cultures/business/usecase.go:86.2,86.21 1 1
lami/app/features/cultures/business/usecase.go:94.2,96.16 3 1
lami/app/features/cultures/business/usecase.go:101.2,101.12 1 1
lami/app/features/cultures/business/usecase.go:69.47,71.27 2 1
lami/app/features/cultures/business/usecase.go:74.3,74.36 1 1
lami/app/features/cultures/business/usecase.go:71.27,73.4 1 1
lami/app/features/cultures/business/usecase.go:76.47,78.28 2 1
lami/app/features/cultures/business/usecase.go:81.3,81.36 1 1
lami/app/features/cultures/business/usecase.go:78.28,80.4 1 1
lami/app/features/cultures/business/usecase.go:83.53,85.3 1 1
lami/app/features/cultures/business/usecase.go:86.21,88.21 2 1
lami/app/features/cultures/business/usecase.go:92.3,92.32 1 1
lami/app/features/cultures/business/usecase.go:88.21,90.4 1 1
lami/app/features/cultures/business/usecase.go:96.16,99.3 2 1
lami/app/features/cultures/business/usecase.go:105.79,107.16 2 1
lami/app/features/cultures/business/usecase.go:110.2,116.12 5 1
lami/app/features/cultures/business/usecase.go:107.16,109.3 1 1
lami/app/features/cultures/business/usecase.go:120.86,123.2 2 1
lami/app/features/cultures/business/validation.go:10.46,14.14 3 1
lami/app/features/cultures/business/validation.go:17.2,17.12 1 1
lami/app/features/cultures/business/validation.go:14.14,16.3 1 1
lami/app/features/cultures/business/validation.go:20.46,24.14 3 1
lami/app/features/cultures/business/validation.go:27.2,27.12 1 1
lami/app/features/cultures/business/validation.go:24.14,26.3 1 1
lami/app/features/cultures/business/validation.go:30.159,33.32 2 1
lami/app/features/cultures/business/validation.go:38.2,39.27 2 1
lami/app/features/cultures/business/validation.go:53.2,53.24 1 1
lami/app/features/cultures/business/validation.go:33.32,35.3 1 1
lami/app/features/cultures/business/validation.go:39.27,41.3 1 1
